mode: set
payment-sim/internal/domain/errors.go:21.49,23.2 1 0
payment-sim/internal/domain/errors.go:26.73,28.2 1 1
payment-sim/internal/domain/errors.go:35.46,37.2 1 0
payment-sim/internal/domain/errors.go:40.68,42.2 1 0
payment-sim/internal/domain/errors.go:49.37,51.2 1 0
payment-sim/internal/domain/errors.go:54.44,56.2 1 0
payment-sim/internal/domain/errors.go:64.42,66.2 1 0
payment-sim/internal/domain/errors.go:69.65,71.2 1 0
payment-sim/internal/domain/payment.go:45.83,59.2 4 1
payment-sim/internal/domain/payment.go:62.64,70.2 1 1
payment-sim/internal/domain/payment.go:73.72,74.62 1 1
payment-sim/internal/domain/payment.go:74.62,76.3 1 1
payment-sim/internal/domain/payment.go:77.2,81.12 5 1
payment-sim/internal/domain/payment.go:85.44,90.2 4 1
payment-sim/internal/domain/payment.go:93.48,95.2 1 0
payment-sim/internal/domain/payment.go:98.41,100.2 1 0
payment-sim/internal/domain/payment.go:103.47,104.22 1 1
payment-sim/internal/domain/payment.go:104.22,106.3 1 1
payment-sim/internal/domain/payment.go:107.2,107.37 1 1
payment-sim/internal/domain/payment.go:107.37,109.3 1 1
payment-sim/internal/domain/payment.go:110.2,110.34 1 1
payment-sim/internal/domain/payment.go:110.34,112.3 1 1
payment-sim/internal/domain/payment.go:113.2,113.38 1 1
payment-sim/internal/domain/payment.go:113.38,115.3 1 0
payment-sim/internal/domain/payment.go:116.2,116.13 1 1
payment-sim/internal/domain/payment.go:120.46,122.34 2 1
payment-sim/internal/domain/payment.go:122.34,124.3 1 1
payment-sim/internal/domain/payment.go:126.2,126.19 1 1
payment-sim/internal/domain/payment.go:126.19,128.3 1 1
payment-sim/internal/domain/payment.go:129.2,129.15 1 1
payment-sim/internal/domain/payment.go:133.35,134.14 1 1
payment-sim/internal/domain/payment.go:134.14,136.3 1 0
payment-sim/internal/domain/payment.go:138.2,142.61 3 1
payment-sim/internal/domain/payment.go:142.61,144.3 1 1
payment-sim/internal/domain/payment.go:145.2,145.10 1 1
payment-sim/internal/domain/transitions.go:32.42,34.13 2 1
payment-sim/internal/domain/transitions.go:34.13,36.3 1 0
payment-sim/internal/domain/transitions.go:37.2,37.28 1 1
payment-sim/internal/domain/transitions.go:37.28,38.14 1 1
payment-sim/internal/domain/transitions.go:38.14,40.4 1 1
payment-sim/internal/domain/transitions.go:42.2,42.14 1 1
payment-sim/internal/domain/transitions.go:46.48,47.30 1 1
payment-sim/internal/domain/transitions.go:47.30,49.3 1 1
payment-sim/internal/domain/transitions.go:50.2,50.12 1 1
