mode: set
payment-sim/internal/service/processor.go:22.74,27.2 1 1
payment-sim/internal/service/processor.go:30.66,31.18 1 1
payment-sim/internal/service/processor.go:32.16,33.34 1 1
payment-sim/internal/service/processor.go:34.19,35.37 1 1
payment-sim/internal/service/processor.go:36.17,37.35 1 1
payment-sim/internal/service/processor.go:38.14,39.32 1 1
payment-sim/internal/service/processor.go:40.16,41.34 1 1
payment-sim/internal/service/processor.go:42.16,43.34 1 1
payment-sim/internal/service/processor.go:44.20,45.38 1 1
payment-sim/internal/service/processor.go:46.16,47.34 1 1
payment-sim/internal/service/processor.go:48.14,49.24 1 1
payment-sim/internal/service/processor.go:50.15,51.33 1 1
payment-sim/internal/service/processor.go:52.14,54.17 1 0
payment-sim/internal/service/processor.go:55.10,56.57 1 0
payment-sim/internal/service/processor.go:61.65,62.19 1 1
payment-sim/internal/service/processor.go:62.19,64.3 1 0
payment-sim/internal/service/processor.go:66.2,72.24 5 1
payment-sim/internal/service/processor.go:72.24,74.3 1 1
payment-sim/internal/service/processor.go:77.2,77.22 1 1
payment-sim/internal/service/processor.go:77.22,79.3 1 0
payment-sim/internal/service/processor.go:82.2,83.16 2 1
payment-sim/internal/service/processor.go:83.16,85.3 1 1
payment-sim/internal/service/processor.go:88.2,89.16 2 1
payment-sim/internal/service/processor.go:89.16,92.34 2 1
payment-sim/internal/service/processor.go:92.34,95.4 1 1
payment-sim/internal/service/processor.go:97.3,99.54 3 1
payment-sim/internal/service/processor.go:103.2,104.46 2 1
payment-sim/internal/service/processor.go:104.46,106.3 1 0
payment-sim/internal/service/processor.go:108.2,108.99 1 1
payment-sim/internal/service/processor.go:112.68,113.19 1 1
payment-sim/internal/service/processor.go:113.19,115.3 1 0
payment-sim/internal/service/processor.go:117.2,119.16 3 1
payment-sim/internal/service/processor.go:119.16,121.3 1 0
payment-sim/internal/service/processor.go:124.2,124.104 1 1
payment-sim/internal/service/processor.go:124.104,126.3 1 0
payment-sim/internal/service/processor.go:129.2,129.90 1 1
payment-sim/internal/service/processor.go:129.90,130.117 1 1
payment-sim/internal/service/processor.go:130.117,133.4 1 0
payment-sim/internal/service/processor.go:134.3,135.97 2 1
payment-sim/internal/service/processor.go:138.2,139.61 2 1
payment-sim/internal/service/processor.go:143.66,144.19 1 1
payment-sim/internal/service/processor.go:144.19,146.3 1 0
payment-sim/internal/service/processor.go:148.2,150.16 3 1
payment-sim/internal/service/processor.go:150.16,152.3 1 0
payment-sim/internal/service/processor.go:155.2,155.98 1 1
payment-sim/internal/service/processor.go:155.98,157.3 1 1
payment-sim/internal/service/processor.go:159.2,160.59 2 1
payment-sim/internal/service/processor.go:164.63,165.19 1 1
payment-sim/internal/service/processor.go:165.19,167.3 1 0
payment-sim/internal/service/processor.go:169.2,171.19 3 1
payment-sim/internal/service/processor.go:171.19,173.3 1 1
payment-sim/internal/service/processor.go:175.2,176.16 2 1
payment-sim/internal/service/processor.go:176.16,178.3 1 0
payment-sim/internal/service/processor.go:181.2,181.91 1 1
payment-sim/internal/service/processor.go:181.91,183.3 1 1
payment-sim/internal/service/processor.go:185.2,185.22 1 1
payment-sim/internal/service/processor.go:185.22,187.3 1 1
payment-sim/internal/service/processor.go:189.2,190.22 2 1
payment-sim/internal/service/processor.go:190.22,192.3 1 1
payment-sim/internal/service/processor.go:193.2,193.57 1 1
payment-sim/internal/service/processor.go:197.65,198.19 1 1
payment-sim/internal/service/processor.go:198.19,200.3 1 0
payment-sim/internal/service/processor.go:202.2,205.19 3 1
payment-sim/internal/service/processor.go:205.19,207.3 1 0
payment-sim/internal/service/processor.go:209.2,210.16 2 1
payment-sim/internal/service/processor.go:210.16,212.3 1 0
payment-sim/internal/service/processor.go:215.2,215.97 1 1
payment-sim/internal/service/processor.go:215.97,217.3 1 1
payment-sim/internal/service/processor.go:219.2,220.27 2 1
payment-sim/internal/service/processor.go:220.27,222.3 1 0
payment-sim/internal/service/processor.go:223.2,223.59 1 1
payment-sim/internal/service/processor.go:227.65,228.19 1 1
payment-sim/internal/service/processor.go:228.19,230.3 1 0
payment-sim/internal/service/processor.go:232.2,234.16 3 1
payment-sim/internal/service/processor.go:234.16,236.3 1 0
payment-sim/internal/service/processor.go:239.2,239.42 1 1
payment-sim/internal/service/processor.go:239.42,241.3 1 1
payment-sim/internal/service/processor.go:244.2,244.95 1 1
payment-sim/internal/service/processor.go:244.95,246.3 1 1
payment-sim/internal/service/processor.go:248.2,249.58 2 1
payment-sim/internal/service/processor.go:253.69,254.19 1 1
payment-sim/internal/service/processor.go:254.19,256.3 1 0
payment-sim/internal/service/processor.go:258.2,267.35 6 1
payment-sim/internal/service/processor.go:267.35,268.43 1 1
payment-sim/internal/service/processor.go:268.43,271.4 2 1
payment-sim/internal/service/processor.go:274.2,274.96 1 1
payment-sim/internal/service/processor.go:278.65,279.19 1 1
payment-sim/internal/service/processor.go:279.19,281.3 1 0
payment-sim/internal/service/processor.go:283.2,285.16 3 1
payment-sim/internal/service/processor.go:285.16,287.3 1 1
payment-sim/internal/service/processor.go:289.2,290.96 1 1
payment-sim/internal/service/processor.go:294.50,296.16 2 1
payment-sim/internal/service/processor.go:296.16,298.3 1 0
payment-sim/internal/service/processor.go:300.2,300.24 1 1
payment-sim/internal/service/processor.go:300.24,302.3 1 1
payment-sim/internal/service/processor.go:304.2,306.35 3 1
payment-sim/internal/service/processor.go:306.35,309.3 1 1
payment-sim/internal/service/processor.go:311.2,311.51 1 1
payment-sim/internal/service/processor.go:316.64,317.19 1 1
payment-sim/internal/service/processor.go:317.19,319.3 1 0
payment-sim/internal/service/processor.go:321.2,324.16 3 1
payment-sim/internal/service/processor.go:324.16,326.3 1 0
payment-sim/internal/service/processor.go:328.2,328.30 1 1
